<?xml version="1.0" encoding="UTF-8"?>
<testng-results skipped="0" failed="0" total="1" passed="1">
  <reporter-output>
  </reporter-output>
  <suite name="Default suite" duration-ms="18267" started-at="2015-12-17T12:01:03Z" finished-at="2015-12-17T12:01:21Z">
    <groups>
    </groups>
    <test name="Default test" duration-ms="18267" started-at="2015-12-17T12:01:03Z" finished-at="2015-12-17T12:01:21Z">
      <class name="testCases.ExecuteTest">
        <test-method status="PASS" signature="testLogin()[pri:0, instance:testCases.ExecuteTest@31b7dea0]" name="testLogin" duration-ms="18239" started-at="2015-12-17T17:31:03Z" finished-at="2015-12-17T17:31:21Z">
          <reporter-output>
          </reporter-output>
        </test-method> <!-- testLogin -->
      </class> <!-- testCases.ExecuteTest -->
    </test> <!-- Default test -->
  </suite> <!-- Default suite -->
</testng-results>
